<?xml version="1.0" encoding="UTF-8"?>
<coverage generated="1720181071465" clover="3.2.0">
  <project timestamp="1720181071466" name="All files">
    <metrics statements="33" coveredstatements="28" conditionals="10" coveredconditionals="7" methods="14" coveredmethods="10" elements="57" coveredelements="45" complexity="0" loc="33" ncloc="33" packages="2" files="3" classes="3"/>
    <package name="components">
      <metrics statements="32" coveredstatements="27" conditionals="10" coveredconditionals="7" methods="14" coveredmethods="10"/>
      <file name="body.js" path="C:\Users\V C T U S\Documents\GitHub\leave-aReact-Yeti-Munch-\src\components\body.js">
        <metrics statements="22" coveredstatements="21" conditionals="8" coveredconditionals="5" methods="8" coveredmethods="8"/>
        <line num="9" count="2" type="stmt"/>
        <line num="10" count="8" type="stmt"/>
        <line num="11" count="1" type="stmt"/>
        <line num="14" count="2" type="stmt"/>
        <line num="16" count="14" type="stmt"/>
        <line num="17" count="13" type="stmt"/>
        <line num="18" count="13" type="stmt"/>
        <line num="20" count="13" type="stmt"/>
        <line num="21" count="4" type="stmt"/>
        <line num="22" count="4" type="stmt"/>
        <line num="23" count="4" type="stmt"/>
        <line num="24" count="4" type="stmt"/>
        <line num="27" count="13" type="stmt"/>
        <line num="28" count="4" type="stmt"/>
        <line num="31" count="13" type="stmt"/>
        <line num="32" count="13" type="cond" truecount="1" falsecount="1"/>
        <line num="33" count="0" type="stmt"/>
        <line num="38" count="13" type="cond" truecount="2" falsecount="0"/>
        <line num="42" count="1" type="stmt"/>
        <line num="46" count="1" type="stmt"/>
        <line num="47" count="1" type="stmt"/>
        <line num="55" count="34" type="stmt"/>
      </file>
      <file name="cart.js" path="C:\Users\V C T U S\Documents\GitHub\leave-aReact-Yeti-Munch-\src\components\cart.js">
        <metrics statements="10" coveredstatements="6" conditionals="2" coveredconditionals="2" methods="6" coveredmethods="2"/>
        <line num="6" count="2" type="stmt"/>
        <line num="8" count="2" type="stmt"/>
        <line num="10" count="1" type="stmt"/>
        <line num="12" count="1" type="stmt"/>
        <line num="13" count="0" type="stmt"/>
        <line num="15" count="1" type="stmt"/>
        <line num="16" count="0" type="stmt"/>
        <line num="21" count="1" type="stmt"/>
        <line num="32" count="0" type="stmt"/>
        <line num="47" count="0" type="stmt"/>
      </file>
    </package>
    <package name="components.store">
      <metrics statements="1" coveredstatements="1" conditionals="0" coveredconditionals="0" methods="0" coveredmethods="0"/>
      <file name="munchStore.js" path="C:\Users\V C T U S\Documents\GitHub\leave-aReact-Yeti-Munch-\src\components\store\munchStore.js">
        <metrics statements="1" coveredstatements="1" conditionals="0" coveredconditionals="0" methods="0" coveredmethods="0"/>
        <line num="4" count="3" type="stmt"/>
      </file>
    </package>
  </project>
</coverage>
