{"C:\\Users\\V C T U S\\Documents\\GitHub\\leave-aReact-Yeti-Munch-\\src\\components\\body.js": {"path":"C:\\Users\\V C T U S\\Documents\\GitHub\\leave-aReact-Yeti-Munch-\\src\\components\\body.js","statementMap":{"0":{"start":{"line":9,"column":17},"end":{"line":12,"column":1}},"1":{"start":{"line":10,"column":21},"end":{"line":10,"column":132}},"2":{"start":{"line":10,"column":60},"end":{"line":10,"column":131}},"3":{"start":{"line":11,"column":2},"end":{"line":11,"column":20}},"4":{"start":{"line":14,"column":11},"end":{"line":71,"column":1}},"5":{"start":{"line":16,"column":33},"end":{"line":16,"column":71}},"6":{"start":{"line":17,"column":51},"end":{"line":17,"column":63}},"7":{"start":{"line":18,"column":41},"end":{"line":18,"column":53}},"8":{"start":{"line":20,"column":19},"end":{"line":25,"column":3}},"9":{"start":{"line":21,"column":27},"end":{"line":21,"column":50}},"10":{"start":{"line":22,"column":23},"end":{"line":22,"column":44}},"11":{"start":{"line":23,"column":10},"end":{"line":23,"column":107}},"12":{"start":{"line":24,"column":10},"end":{"line":24,"column":102}},"13":{"start":{"line":27,"column":6},"end":{"line":29,"column":11}},"14":{"start":{"line":28,"column":8},"end":{"line":28,"column":17}},"15":{"start":{"line":31,"column":23},"end":{"line":31,"column":40}},"16":{"start":{"line":32,"column":4},"end":{"line":36,"column":5}},"17":{"start":{"line":33,"column":6},"end":{"line":35,"column":7}},"18":{"start":{"line":38,"column":6},"end":{"line":69,"column":5}},"19":{"start":{"line":42,"column":8},"end":{"line":42,"column":37}},"20":{"start":{"line":46,"column":21},"end":{"line":46,"column":60}},"21":{"start":{"line":47,"column":8},"end":{"line":47,"column":30}},"22":{"start":{"line":55,"column":6},"end":{"line":61,"column":13}}},"fnMap":{"0":{"name":"(anonymous_0)","decl":{"start":{"line":9,"column":17},"end":{"line":9,"column":18}},"loc":{"start":{"line":9,"column":48},"end":{"line":12,"column":1}},"line":9},"1":{"name":"(anonymous_1)","decl":{"start":{"line":10,"column":46},"end":{"line":10,"column":47}},"loc":{"start":{"line":10,"column":60},"end":{"line":10,"column":131}},"line":10},"2":{"name":"(anonymous_2)","decl":{"start":{"line":14,"column":11},"end":{"line":14,"column":12}},"loc":{"start":{"line":14,"column":15},"end":{"line":71,"column":1}},"line":14},"3":{"name":"(anonymous_3)","decl":{"start":{"line":20,"column":19},"end":{"line":20,"column":20}},"loc":{"start":{"line":20,"column":31},"end":{"line":25,"column":3}},"line":20},"4":{"name":"(anonymous_4)","decl":{"start":{"line":27,"column":16},"end":{"line":27,"column":17}},"loc":{"start":{"line":27,"column":22},"end":{"line":29,"column":5}},"line":27},"5":{"name":"(anonymous_5)","decl":{"start":{"line":41,"column":143},"end":{"line":41,"column":144}},"loc":{"start":{"line":41,"column":148},"end":{"line":43,"column":7}},"line":41},"6":{"name":"(anonymous_6)","decl":{"start":{"line":45,"column":141},"end":{"line":45,"column":142}},"loc":{"start":{"line":45,"column":145},"end":{"line":48,"column":7}},"line":45},"7":{"name":"(anonymous_7)","decl":{"start":{"line":54,"column":21},"end":{"line":54,"column":22}},"loc":{"start":{"line":55,"column":6},"end":{"line":61,"column":13}},"line":55}},"branchMap":{"0":{"loc":{"start":{"line":32,"column":4},"end":{"line":36,"column":5}},"type":"if","locations":[{"start":{"line":32,"column":4},"end":{"line":36,"column":5}},{"start":{},"end":{}}],"line":32},"1":{"loc":{"start":{"line":38,"column":14},"end":{"line":69,"column":5}},"type":"cond-expr","locations":[{"start":{"line":38,"column":38},"end":{"line":38,"column":48}},{"start":{"line":39,"column":8},"end":{"line":66,"column":17}}],"line":38},"2":{"loc":{"start":{"line":52,"column":6},"end":{"line":63,"column":3}},"type":"cond-expr","locations":[{"start":{"line":52,"column":34},"end":{"line":52,"column":45}},{"start":{"line":54,"column":4},"end":{"line":62,"column":6}}],"line":52},"3":{"loc":{"start":{"line":56,"column":9},"end":{"line":60,"column":13}},"type":"cond-expr","locations":[{"start":{"line":57,"column":14},"end":{"line":57,"column":57}},{"start":{"line":59,"column":14},"end":{"line":59,"column":45}}],"line":56}},"s":{"0":2,"1":1,"2":8,"3":1,"4":2,"5":14,"6":13,"7":13,"8":13,"9":4,"10":4,"11":4,"12":4,"13":13,"14":4,"15":13,"16":13,"17":0,"18":13,"19":1,"20":1,"21":1,"22":34},"f":{"0":1,"1":8,"2":14,"3":4,"4":4,"5":1,"6":1,"7":34},"b":{"0":[0,13],"1":[4,5],"2":[0,5],"3":[0,34]},"_coverageSchema":"1a1c01bbd47fc00a2c39e90264f33305004495a9","hash":"b2b8a33407a31c7397beaab1329274f27ffd2579"}
,"C:\\Users\\V C T U S\\Documents\\GitHub\\leave-aReact-Yeti-Munch-\\src\\components\\cart.js": {"path":"C:\\Users\\V C T U S\\Documents\\GitHub\\leave-aReact-Yeti-Munch-\\src\\components\\cart.js","statementMap":{"0":{"start":{"line":6,"column":11},"end":{"line":59,"column":1}},"1":{"start":{"line":8,"column":21},"end":{"line":8,"column":60}},"2":{"start":{"line":8,"column":43},"end":{"line":8,"column":59}},"3":{"start":{"line":10,"column":19},"end":{"line":10,"column":32}},"4":{"start":{"line":12,"column":23},"end":{"line":14,"column":5}},"5":{"start":{"line":13,"column":5},"end":{"line":13,"column":33}},"6":{"start":{"line":15,"column":26},"end":{"line":17,"column":5}},"7":{"start":{"line":16,"column":4},"end":{"line":16,"column":26}},"8":{"start":{"line":21,"column":4},"end":{"line":58,"column":6}},"9":{"start":{"line":32,"column":11},"end":{"line":52,"column":15}},"10":{"start":{"line":47,"column":31},"end":{"line":47,"column":50}}},"fnMap":{"0":{"name":"(anonymous_0)","decl":{"start":{"line":6,"column":11},"end":{"line":6,"column":12}},"loc":{"start":{"line":6,"column":15},"end":{"line":59,"column":1}},"line":6},"1":{"name":"(anonymous_1)","decl":{"start":{"line":8,"column":33},"end":{"line":8,"column":34}},"loc":{"start":{"line":8,"column":43},"end":{"line":8,"column":59}},"line":8},"2":{"name":"(anonymous_2)","decl":{"start":{"line":12,"column":23},"end":{"line":12,"column":24}},"loc":{"start":{"line":12,"column":32},"end":{"line":14,"column":5}},"line":12},"3":{"name":"(anonymous_3)","decl":{"start":{"line":15,"column":26},"end":{"line":15,"column":27}},"loc":{"start":{"line":15,"column":30},"end":{"line":17,"column":5}},"line":15},"4":{"name":"(anonymous_4)","decl":{"start":{"line":31,"column":27},"end":{"line":31,"column":28}},"loc":{"start":{"line":32,"column":11},"end":{"line":52,"column":15}},"line":32},"5":{"name":"(anonymous_5)","decl":{"start":{"line":47,"column":27},"end":{"line":47,"column":28}},"loc":{"start":{"line":47,"column":31},"end":{"line":47,"column":50}},"line":47}},"branchMap":{"0":{"loc":{"start":{"line":30,"column":18},"end":{"line":30,"column":170}},"type":"binary-expr","locations":[{"start":{"line":30,"column":18},"end":{"line":30,"column":31}},{"start":{"line":30,"column":35},"end":{"line":30,"column":170}}],"line":30}},"s":{"0":2,"1":1,"2":2,"3":1,"4":1,"5":0,"6":1,"7":0,"8":1,"9":0,"10":0},"f":{"0":1,"1":2,"2":0,"3":0,"4":0,"5":0},"b":{"0":[1,1]},"_coverageSchema":"1a1c01bbd47fc00a2c39e90264f33305004495a9","hash":"a1b04f65171c68bedb9150cc5780910bbfaee271"}
,"C:\\Users\\V C T U S\\Documents\\GitHub\\leave-aReact-Yeti-Munch-\\src\\components\\store\\munchStore.js": {"path":"C:\\Users\\V C T U S\\Documents\\GitHub\\leave-aReact-Yeti-Munch-\\src\\components\\store\\munchStore.js","statementMap":{"0":{"start":{"line":4,"column":17},"end":{"line":8,"column":2}}},"fnMap":{},"branchMap":{},"s":{"0":3},"f":{},"b":{},"_coverageSchema":"1a1c01bbd47fc00a2c39e90264f33305004495a9","hash":"89b619830d3ffc14ffce0ae24fc5fafd018a9e55"}
}
