TN:
SF:src\components\body.js
FN:9,(anonymous_0)
FN:10,(anonymous_1)
FN:14,(anonymous_2)
FN:20,(anonymous_3)
FN:27,(anonymous_4)
FN:41,(anonymous_5)
FN:45,(anonymous_6)
FN:54,(anonymous_7)
FNF:8
FNH:8
FNDA:1,(anonymous_0)
FNDA:8,(anonymous_1)
FNDA:14,(anonymous_2)
FNDA:4,(anonymous_3)
FNDA:4,(anonymous_4)
FNDA:1,(anonymous_5)
FNDA:1,(anonymous_6)
FNDA:34,(anonymous_7)
DA:9,2
DA:10,8
DA:11,1
DA:14,2
DA:16,14
DA:17,13
DA:18,13
DA:20,13
DA:21,4
DA:22,4
DA:23,4
DA:24,4
DA:27,13
DA:28,4
DA:31,13
DA:32,13
DA:33,0
DA:38,13
DA:42,1
DA:46,1
DA:47,1
DA:55,34
LF:22
LH:21
BRDA:32,0,0,0
BRDA:32,0,1,13
BRDA:38,1,0,4
BRDA:38,1,1,5
BRDA:52,2,0,0
BRDA:52,2,1,5
BRDA:56,3,0,0
BRDA:56,3,1,34
BRF:8
BRH:5
end_of_record
TN:
SF:src\components\cart.js
FN:6,(anonymous_0)
FN:8,(anonymous_1)
FN:12,(anonymous_2)
FN:15,(anonymous_3)
FN:31,(anonymous_4)
FN:47,(anonymous_5)
FNF:6
FNH:2
FNDA:1,(anonymous_0)
FNDA:2,(anonymous_1)
FNDA:0,(anonymous_2)
FNDA:0,(anonymous_3)
FNDA:0,(anonymous_4)
FNDA:0,(anonymous_5)
DA:6,2
DA:8,2
DA:10,1
DA:12,1
DA:13,0
DA:15,1
DA:16,0
DA:21,1
DA:32,0
DA:47,0
LF:10
LH:6
BRDA:30,0,0,1
BRDA:30,0,1,1
BRF:2
BRH:2
end_of_record
TN:
SF:src\components\store\munchStore.js
FNF:0
FNH:0
DA:4,3
LF:1
LH:1
BRF:0
BRH:0
end_of_record
